<html>
<body>
<pre>
<h1>µVision Build Log</h1>
<h2>Tool Versions:</h2>
IDE-Version: ¦ÌVision V5.39.0.0
Copyright (C) 2023 ARM Ltd and ARM Germany GmbH. All rights reserved.
License Information: LiShuai shyboy, null, LIC=14HV2-9IW4R-EV31R-KBB3N-73GTS-9HMYV
 
Tool Versions:
Toolchain:       MDK-ARM Plus  Version: 5.39.0.0
Toolchain Path:  E:\Keil_v5\ARM\ARMCC\Bin
C Compiler:      Armcc.exe V5.06 update 7 (build 960)
Assembler:       Armasm.exe V5.06 update 7 (build 960)
Linker/Locator:  ArmLink.exe V5.06 update 7 (build 960)
Library Manager: ArmAr.exe V5.06 update 7 (build 960)
Hex Converter:   FromElf.exe V5.06 update 7 (build 960)
CPU DLL:         SARMCM3.DLL V5.39.0.0
Dialog DLL:      DCM.DLL V1.17.5.0
Target DLL:      UL2CM3.DLL V1.164.9.0
Dialog DLL:      TCM.DLL V1.56.4.0
 
<h2>Project:</h2>
E:\co_robocon\RoboCon-NewDog\newdog\MDK-ARM\1.uvprojx
Project File Date:  01/29/2026

<h2>Output:</h2>
*** Using Compiler 'V5.06 update 7 (build 960)', folder: 'E:\Keil_v5\ARM\ARMCC\Bin'
Build target '1'
assembling startup_stm32f427xx.s...
compiling crc_ccitt.c...
compiling stm32f4xx_it.c...
../Core/Src/stm32f4xx_it.c(190): error:  #20: identifier "motor_timeout_flag" is undefined
    motor_timeout_flag = 1;
../Core/Src/stm32f4xx_it.c: 0 warnings, 1 error
compiling motor.c...
compiling gpio.c...
compiling gait.c...
..\Core\Src\gait.c(34): warning:  #1-D: last line of file ends without a newline
  	
..\Core\Src\gait.c: 1 warning, 0 errors
compiling stm32f4xx_hal_msp.c...
compiling motors.c...
compiling kinematic.c...
compiling usart.c...
compiling main.c...
../Core/Src/main.c(66): error:  #20: identifier "Motor_HandleTypeDef" is undefined
  Motor_HandleTypeDef hmotor4;
../Core/Src/main.c(73): error:  #20: identifier "Position_HandleTypeDef" is undefined
  Position_HandleTypeDef hposition1;
../Core/Src/main.c(77): error:  #20: identifier "Gait_Config" is undefined
  Gait_Config g_gait_config = {
../Core/Src/main.c(136): warning:  #223-D: function "Motor_Feedback_Init" declared implicitly
  	Motor_Feedback_Init();
../Core/Src/main.c(138): warning:  #223-D: function "Motors_Init" declared implicitly
    Motors_Init(&huart6);
../Core/Src/main.c(169): error:  #20: identifier "motors" is undefined
      motors[0].Kp = Expect_Kp;
../Core/Src/main.c(227): warning:  #223-D: function "Motors_SendAll" declared implicitly
  		Motors_SendAll();
../Core/Src/main.c(230): warning:  #223-D: function "Motor_Feedback_Process" declared implicitly
      Motor_Feedback_Process();
../Core/Src/main.c(231): error:  #20: identifier "motor_timeout_flag" is undefined
  	    if (motor_timeout_flag)//æŽ‰çº¿æ£€æµ?
../Core/Src/main.c(234): warning:  #223-D: function "Motor_Feedback_TimeoutTask" declared implicitly
              Motor_Feedback_TimeoutTask();
../Core/Src/main.c: 5 warnings, 5 errors
compiling motor_feedback.c...
compiling stm32f4xx_hal_flash.c...
compiling stm32f4xx_hal_rcc_ex.c...
compiling stm32f4xx_hal_uart.c...
compiling stm32f4xx_hal_rcc.c...
compiling stm32f4xx_hal_flash_ex.c...
compiling stm32f4xx_hal_flash_ramfunc.c...
compiling stm32f4xx_hal_pwr_ex.c...
compiling system_stm32f4xx.c...
compiling stm32f4xx_hal_dma_ex.c...
compiling stm32f4xx_hal_pwr.c...
compiling stm32f4xx_hal_gpio.c...
compiling stm32f4xx_hal.c...
compiling stm32f4xx_hal_cortex.c...
compiling stm32f4xx_hal_exti.c...
compiling stm32f4xx_hal_dma.c...
"1\1.axf" - 6 Error(s), 6 Warning(s).

<h2>Software Packages used:</h2>

Package Vendor: ARM
                https://www.keil.com/pack/ARM.CMSIS.6.2.0.pack
                ARM::CMSIS@6.2.0
                CMSIS (Common Microcontroller Software Interface Standard)
   * Component: CORE Version: 6.1.1

Package Vendor: Keil
                https://www.keil.com/pack/Keil.STM32F4xx_DFP.3.1.1.pack
                Keil::STM32F4xx_DFP@3.1.1
                STMicroelectronics STM32F4 Series Device Support

<h2>Collection of Component include folders:</h2>
  ./RTE/_1
  E:/c51mdk_packs/ARM/CMSIS/6.2.0/CMSIS/Core/Include

<h2>Collection of Component Files used:</h2>

   * Component: ARM::CMSIS:CORE@6.1.1
      Include file:  CMSIS/Core/Include/tz_context.h
Target not created.
Build Time Elapsed:  00:00:19
</pre>
</body>
</html>
